app/manifest-merger-debug-report.txt
-- Merging decision tree log ---
manifest
ADDED from AndroidManifest.xml:15:1
	package
		ADDED from AndroidManifest.xml:16:5
		INJECTED from AndroidManifest.xml:0:0
		INJECTED from AndroidManifest.xml:0:0
	android:versionName
		ADDED from AndroidManifest.xml:18:5
	android:versionCode
		ADDED from AndroidManifest.xml:17:5
		INJECTED from AndroidManifest.xml:0:0
		INJECTED from AndroidManifest.xml:0:0
	xmlns:android
		ADDED from AndroidManifest.xml:15:11
	android:installLocation
		ADDED from AndroidManifest.xml:19:5
application
ADDED from AndroidManifest.xml:21:5
	android:label
		ADDED from AndroidManifest.xml:22:9
	android:icon
		ADDED from AndroidManifest.xml:23:9
	android:name
		ADDED from AndroidManifest.xml:24:9
activity#com.xabber.android.ui.ContactList
ADDED from AndroidManifest.xml:26:9
	android:label
		ADDED from AndroidManifest.xml:27:13
	android:launchMode
		ADDED from AndroidManifest.xml:30:13
	android:theme
		ADDED from AndroidManifest.xml:29:13
	android:name
		ADDED from AndroidManifest.xml:28:13
intent-filter#android.intent.action.MAIN+android.intent.category.LAUNCHER
ADDED from AndroidManifest.xml:32:13
action#android.intent.action.MAIN
ADDED from AndroidManifest.xml:33:17
	android:name
		ADDED from AndroidManifest.xml:33:25
category#android.intent.category.LAUNCHER
ADDED from AndroidManifest.xml:34:17
	android:name
		ADDED from AndroidManifest.xml:34:27
intent-filter#android.intent.action.VIEW+android.intent.category.BROWSABLE+android.intent.category.DEFAULT
ADDED from AndroidManifest.xml:36:13
action#android.intent.action.VIEW
ADDED from AndroidManifest.xml:37:17
	android:name
		ADDED from AndroidManifest.xml:37:25
category#android.intent.category.DEFAULT
ADDED from AndroidManifest.xml:38:17
	android:name
		ADDED from AndroidManifest.xml:38:27
category#android.intent.category.BROWSABLE
ADDED from AndroidManifest.xml:39:17
	android:name
		ADDED from AndroidManifest.xml:39:27
data
ADDED from AndroidManifest.xml:40:17
	android:scheme
		ADDED from AndroidManifest.xml:40:23
intent-filter#android.intent.action.SEND+android.intent.category.DEFAULT
ADDED from AndroidManifest.xml:42:13
action#android.intent.action.SEND
ADDED from AndroidManifest.xml:43:17
	android:name
		ADDED from AndroidManifest.xml:43:25
intent-filter#android.intent.action.SENDTO+android.intent.category.DEFAULT
ADDED from AndroidManifest.xml:47:13
action#android.intent.action.SENDTO
ADDED from AndroidManifest.xml:48:17
	android:name
		ADDED from AndroidManifest.xml:48:25
intent-filter#android.intent.action.CREATE_SHORTCUT+android.intent.category.DEFAULT
ADDED from AndroidManifest.xml:59:13
action#android.intent.action.CREATE_SHORTCUT
ADDED from AndroidManifest.xml:60:17
	android:name
		ADDED from AndroidManifest.xml:60:25
activity#com.xabber.android.ui.LoadActivity
ADDED from AndroidManifest.xml:64:9
	android:theme
		ADDED from AndroidManifest.xml:66:13
	android:name
		ADDED from AndroidManifest.xml:65:13
activity#com.xabber.android.ui.AboutViewer
ADDED from AndroidManifest.xml:68:9
	android:label
		ADDED from AndroidManifest.xml:69:13
	android:theme
		ADDED from AndroidManifest.xml:71:13
	android:name
		ADDED from AndroidManifest.xml:70:13
activity#com.xabber.android.ui.AccountList
ADDED from AndroidManifest.xml:73:9
	android:label
		ADDED from AndroidManifest.xml:74:13
	android:theme
		ADDED from AndroidManifest.xml:76:13
	android:name
		ADDED from AndroidManifest.xml:75:13
activity#com.xabber.android.ui.AccountEditor
ADDED from AndroidManifest.xml:78:9
	android:label
		ADDED from AndroidManifest.xml:79:13
	android:theme
		ADDED from AndroidManifest.xml:81:13
	android:name
		ADDED from AndroidManifest.xml:80:13
activity#com.xabber.android.ui.ChatList
ADDED from AndroidManifest.xml:83:9
	android:label
		ADDED from AndroidManifest.xml:84:13
	android:theme
		ADDED from AndroidManifest.xml:86:13
	android:name
		ADDED from AndroidManifest.xml:85:13
activity#com.xabber.android.ui.OccupantList
ADDED from AndroidManifest.xml:88:9
	android:label
		ADDED from AndroidManifest.xml:89:13
	android:theme
		ADDED from AndroidManifest.xml:91:13
	android:name
		ADDED from AndroidManifest.xml:90:13
activity#com.xabber.android.ui.ChatViewer
ADDED from AndroidManifest.xml:93:9
	android:label
		ADDED from AndroidManifest.xml:94:13
	android:launchMode
		ADDED from AndroidManifest.xml:98:13
	android:windowSoftInputMode
		ADDED from AndroidManifest.xml:97:13
	android:theme
		ADDED from AndroidManifest.xml:96:13
	android:name
		ADDED from AndroidManifest.xml:95:13
intent-filter#android.intent.action.MAIN
ADDED from AndroidManifest.xml:100:13
activity#com.xabber.android.ui.ContactEditor
ADDED from AndroidManifest.xml:104:9
	android:label
		ADDED from AndroidManifest.xml:105:13
	android:theme
		ADDED from AndroidManifest.xml:107:13
	android:name
		ADDED from AndroidManifest.xml:106:13
activity#com.xabber.android.ui.ContactAdd
ADDED from AndroidManifest.xml:109:9
	android:label
		ADDED from AndroidManifest.xml:110:13
	android:theme
		ADDED from AndroidManifest.xml:112:13
	android:name
		ADDED from AndroidManifest.xml:111:13
activity#com.xabber.android.ui.AccountAdd
ADDED from AndroidManifest.xml:114:9
	android:label
		ADDED from AndroidManifest.xml:115:13
	android:theme
		ADDED from AndroidManifest.xml:117:13
	android:name
		ADDED from AndroidManifest.xml:116:13
activity#com.xabber.android.ui.OAuthActivity
ADDED from AndroidManifest.xml:119:9
	android:label
		ADDED from AndroidManifest.xml:120:13
	android:theme
		ADDED from AndroidManifest.xml:122:13
	android:name
		ADDED from AndroidManifest.xml:121:13
activity#com.xabber.android.ui.MUCEditor
ADDED from AndroidManifest.xml:124:9
	android:label
		ADDED from AndroidManifest.xml:125:13
	android:theme
		ADDED from AndroidManifest.xml:127:13
	android:name
		ADDED from AndroidManifest.xml:126:13
activity#com.xabber.android.ui.StatusEditor
ADDED from AndroidManifest.xml:129:9
	android:label
		ADDED from AndroidManifest.xml:130:13
	android:theme
		ADDED from AndroidManifest.xml:132:13
	android:name
		ADDED from AndroidManifest.xml:131:13
activity#com.xabber.android.ui.PreferenceEditor
ADDED from AndroidManifest.xml:134:9
	android:label
		ADDED from AndroidManifest.xml:135:13
	android:theme
		ADDED from AndroidManifest.xml:137:13
	android:name
		ADDED from AndroidManifest.xml:136:13
activity#com.xabber.android.ui.ChatEditor
ADDED from AndroidManifest.xml:139:9
	android:label
		ADDED from AndroidManifest.xml:140:13
	android:theme
		ADDED from AndroidManifest.xml:142:13
	android:name
		ADDED from AndroidManifest.xml:141:13
activity#com.xabber.android.ui.ContactViewer
ADDED from AndroidManifest.xml:144:9
	android:label
		ADDED from AndroidManifest.xml:145:13
	android:icon
		ADDED from AndroidManifest.xml:148:13
	android:theme
		ADDED from AndroidManifest.xml:147:13
	android:name
		ADDED from AndroidManifest.xml:146:13
intent-filter#android.intent.action.VIEW+android.intent.category.DEFAULT
ADDED from AndroidManifest.xml:150:13
activity#com.xabber.android.ui.FingerprintViewer
ADDED from AndroidManifest.xml:158:9
	android:label
		ADDED from AndroidManifest.xml:160:13
	android:theme
		ADDED from AndroidManifest.xml:161:13
	android:name
		ADDED from AndroidManifest.xml:159:13
activity#com.xabber.android.ui.QuestionViewer
ADDED from AndroidManifest.xml:163:9
	android:label
		ADDED from AndroidManifest.xml:165:13
	android:theme
		ADDED from AndroidManifest.xml:166:13
	android:name
		ADDED from AndroidManifest.xml:164:13
activity#com.xabber.android.ui.OpenSourceViewer
ADDED from AndroidManifest.xml:168:9
	android:theme
		ADDED from AndroidManifest.xml:170:13
	android:name
		ADDED from AndroidManifest.xml:169:13
activity#com.xabber.android.ui.CertificateConfirmation
ADDED from AndroidManifest.xml:172:9
	android:name
		ADDED from AndroidManifest.xml:173:13
activity#com.xabber.android.ui.PasswordRequest
ADDED from AndroidManifest.xml:175:9
	android:name
		ADDED from AndroidManifest.xml:176:13
activity#com.xabber.android.ui.ArchiveRequest
ADDED from AndroidManifest.xml:178:9
	android:name
		ADDED from AndroidManifest.xml:179:13
activity#com.xabber.android.ui.PhraseList
ADDED from AndroidManifest.xml:181:9
	android:label
		ADDED from AndroidManifest.xml:184:13
	android:theme
		ADDED from AndroidManifest.xml:183:13
	android:name
		ADDED from AndroidManifest.xml:182:13
activity#com.xabber.android.ui.PhraseEditor
ADDED from AndroidManifest.xml:186:9
	android:theme
		ADDED from AndroidManifest.xml:188:13
	android:name
		ADDED from AndroidManifest.xml:187:13
activity#com.xabber.android.ui.ReconnectionActivity
ADDED from AndroidManifest.xml:190:9
	android:name
		ADDED from AndroidManifest.xml:191:13
activity#com.xabber.android.ui.ClearNotifications
ADDED from AndroidManifest.xml:193:9
	android:label
		ADDED from AndroidManifest.xml:194:13
	android:stateNotNeeded
		ADDED from AndroidManifest.xml:199:13
	android:excludeFromRecents
		ADDED from AndroidManifest.xml:200:13
	android:launchMode
		ADDED from AndroidManifest.xml:197:13
	android:noHistory
		ADDED from AndroidManifest.xml:198:13
	android:theme
		ADDED from AndroidManifest.xml:201:13
	android:taskAffinity
		ADDED from AndroidManifest.xml:196:13
	android:name
		ADDED from AndroidManifest.xml:195:13
service#com.xabber.android.service.XabberService
ADDED from AndroidManifest.xml:203:9
	android:name
		ADDED from AndroidManifest.xml:203:18
service#com.xabber.android.service.SyncAdapterService
ADDED from AndroidManifest.xml:204:9
	android:exported
		ADDED from AndroidManifest.xml:206:13
	android:name
		ADDED from AndroidManifest.xml:205:13
intent-filter#android.content.SyncAdapter
ADDED from AndroidManifest.xml:207:13
action#android.content.SyncAdapter
ADDED from AndroidManifest.xml:208:17
	android:name
		ADDED from AndroidManifest.xml:208:25
meta-data#android.content.SyncAdapter
ADDED from AndroidManifest.xml:210:13
	android:resource
		ADDED from AndroidManifest.xml:212:17
	android:name
		ADDED from AndroidManifest.xml:211:17
meta-data#android.provider.CONTACTS_STRUCTURE
ADDED from AndroidManifest.xml:214:13
	android:resource
		ADDED from AndroidManifest.xml:216:17
	android:name
		ADDED from AndroidManifest.xml:215:17
service#com.xabber.android.service.AccountAuthenticatorService
ADDED from AndroidManifest.xml:219:9
	android:exported
		ADDED from AndroidManifest.xml:221:13
	android:name
		ADDED from AndroidManifest.xml:220:13
intent-filter#android.accounts.AccountAuthenticator
ADDED from AndroidManifest.xml:222:13
action#android.accounts.AccountAuthenticator
ADDED from AndroidManifest.xml:223:17
	android:name
		ADDED from AndroidManifest.xml:223:25
meta-data#android.accounts.AccountAuthenticator
ADDED from AndroidManifest.xml:225:13
	android:resource
		ADDED from AndroidManifest.xml:225:77
	android:name
		ADDED from AndroidManifest.xml:225:24
receiver#com.xabber.android.receiver.BootReceiver
ADDED from AndroidManifest.xml:227:9
	android:name
		ADDED from AndroidManifest.xml:228:13
intent-filter#android.intent.action.BOOT_COMPLETED
ADDED from AndroidManifest.xml:229:13
action#android.intent.action.BOOT_COMPLETED
ADDED from AndroidManifest.xml:230:17
	android:name
		ADDED from AndroidManifest.xml:230:25
receiver#com.xabber.android.receiver.GoAwayReceiver
ADDED from AndroidManifest.xml:233:9
	android:name
		ADDED from AndroidManifest.xml:233:19
receiver#com.xabber.android.receiver.GoXaReceiver
ADDED from AndroidManifest.xml:234:9
	android:name
		ADDED from AndroidManifest.xml:234:19
receiver#com.xabber.android.receiver.ComposingPausedReceiver
ADDED from AndroidManifest.xml:235:9
	android:name
		ADDED from AndroidManifest.xml:235:19
uses-sdk
ADDED from AndroidManifest.xml:237:5
	android:targetSdkVersion
		ADDED from AndroidManifest.xml:237:41
		INJECTED from AndroidManifest.xml:0:0
		INJECTED from AndroidManifest.xml:0:0
	android:minSdkVersion
		ADDED from AndroidManifest.xml:237:15
		INJECTED from AndroidManifest.xml:0:0
		INJECTED from AndroidManifest.xml:0:0
uses-feature#android.hardware.touchscreen
ADDED from AndroidManifest.xml:238:5
	android:required
		ADDED from AndroidManifest.xml:238:63
	android:name
		ADDED from AndroidManifest.xml:238:19
uses-feature#android.hardware.location
ADDED from AndroidManifest.xml:239:5
	android:required
		ADDED from AndroidManifest.xml:239:60
	android:name
		ADDED from AndroidManifest.xml:239:19
uses-feature#android.hardware.location.gps
ADDED from AndroidManifest.xml:240:5
	android:required
		ADDED from AndroidManifest.xml:240:64
	android:name
		ADDED from AndroidManifest.xml:240:19
uses-permission#android.permission.READ_CONTACTS
ADDED from AndroidManifest.xml:241:5
	android:name
		ADDED from AndroidManifest.xml:241:22
uses-permission#android.permission.WRITE_CONTACTS
ADDED from AndroidManifest.xml:242:5
	android:name
		ADDED from AndroidManifest.xml:242:22
uses-permission#android.permission.AUTHENTICATE_ACCOUNTS
ADDED from AndroidManifest.xml:243:5
	android:name
		ADDED from AndroidManifest.xml:243:22
uses-permission#android.permission.MANAGE_ACCOUNTS
ADDED from AndroidManifest.xml:244:5
	android:name
		ADDED from AndroidManifest.xml:244:22
uses-permission#android.permission.GET_ACCOUNTS
ADDED from AndroidManifest.xml:245:5
	android:name
		ADDED from AndroidManifest.xml:245:22
uses-permission#android.permission.READ_SYNC_SETTINGS
ADDED from AndroidManifest.xml:246:5
	android:name
		ADDED from AndroidManifest.xml:246:22
uses-permission#android.permission.WRITE_SYNC_SETTINGS
ADDED from AndroidManifest.xml:247:5
	android:name
		ADDED from AndroidManifest.xml:247:22
uses-permission#android.permission.RECEIVE_BOOT_COMPLETED
ADDED from AndroidManifest.xml:248:5
	android:name
		ADDED from AndroidManifest.xml:248:22
uses-permission#android.permission.INTERNET
ADDED from AndroidManifest.xml:249:5
	android:name
		ADDED from AndroidManifest.xml:249:22
uses-permission#android.permission.VIBRATE
ADDED from AndroidManifest.xml:250:5
	android:name
		ADDED from AndroidManifest.xml:250:22
uses-permission#android.permission.WAKE_LOCK
ADDED from AndroidManifest.xml:251:5
	android:name
		ADDED from AndroidManifest.xml:251:22
uses-permission#android.permission.WRITE_EXTERNAL_STORAGE
ADDED from AndroidManifest.xml:252:5
	android:name
		ADDED from AndroidManifest.xml:252:22
uses-permission#android.permission.ACCESS_NETWORK_STATE
ADDED from AndroidManifest.xml:253:5
	android:name
		ADDED from AndroidManifest.xml:253:22